<?xml version="1.0" encoding="UTF-8"?>
<TestRun id="7dad0ea9-de53-40b5-af33-2dfc10480d66" name="Marcelo@MARCELO-PC 2012-04-09 21:56:31" runUser="Marcelo-PC\Marcelo" xmlns="http://microsoft.com/schemas/VisualStudio/TeamTest/2010">
  <TestSettings name="Local" id="ea4e1211-71d7-4fa9-b280-730e8334b944">
    <Description>These are default test settings for a local test run.</Description>
    <Deployment enabled="false" runDeploymentRoot="Marcelo_MARCELO-PC 2012-04-09 21_56_31">
      <DeploymentItem filename="K:\Faculdade\TCC A\Kinect - Server\CommonBin\antlr.runtime.dll" />
      <DeploymentItem filename="K:\Faculdade\TCC A\Kinect - Server\CommonBin\Castle.ActiveRecord.dll" />
      <DeploymentItem filename="K:\Faculdade\TCC A\Kinect - Server\CommonBin\Castle.Components.Validator.dll" />
      <DeploymentItem filename="K:\Faculdade\TCC A\Kinect - Server\CommonBin\log4net.dll" />
      <DeploymentItem filename="K:\Faculdade\TCC A\Kinect - Server\CommonBin\Castle.Core.dll" />
      <DeploymentItem filename="K:\Faculdade\TCC A\Kinect - Server\CommonBin\NHibernate.dll" />
      <DeploymentItem filename="K:\Faculdade\TCC A\Kinect - Server\CommonBin\Iesi.Collections.dll" />
      <DeploymentItem filename="K:\Faculdade\TCC A\Kinect - Server\CommonBin\Antlr3.Runtime.dll" />
      <DeploymentItem filename="K:\Faculdade\TCC A\Kinect - Server\GestureHealthCare\bin\Debug\Facdombosco.GestureHealthCare.dll" />
      <DeploymentItem filename="K:\Faculdade\TCC A\Kinect - Server\CommonBin\NHibernate.ByteCode.Castle.dll" />
      <DeploymentItem filename="K:\Faculdade\TCC A\Kinect - Server\CommonBin\AutoMapper.dll" />
    </Deployment>
    <Execution>
      <TestTypeSpecific />
      <AgentRule name="Execution Agents">
      </AgentRule>
    </Execution>
  </TestSettings>
  <Times creation="2012-04-09T21:56:31.3583984-03:00" queuing="2012-04-09T21:56:31.4521484-03:00" start="2012-04-09T21:56:31.4765625-03:00" finish="2012-04-09T21:56:35.6806640-03:00" />
  <ResultSummary outcome="Completed">
    <Counters total="3" executed="3" passed="3" error="0" failed="0" timeout="0" aborted="0" inconclusive="0" passedButRunAborted="0" notRunnable="0" notExecuted="0" disconnected="0" warning="0" completed="0" inProgress="0" pending="0" />
  </ResultSummary>
  <TestDefinitions>
    <UnitTest name="FindAllAtendimentoWithExame" storage="k:\faculdade\tcc a\kinect - server\gesturehealthcaretests\bin\debug\gesturehealthcaretests.dll" id="ab9b94e3-1344-0879-16a6-4a27208f7fea">
      <Execution id="a1c822bb-e7ca-4d07-8036-6639868c437d" />
      <TestMethod codeBase="K:/Faculdade/TCC A/Kinect - Server/GestureHealthCareTests/bin/Debug/GestureHealthCareTests.DLL" adapterTypeName="Microsoft.VisualStudio.TestTools.TestTypes.Unit.UnitTestAdapter, Microsoft.VisualStudio.QualityTools.Tips.UnitTest.Adapter, Version=10.0.0.0, Culture=neutral, PublicKeyToken=b03f5f7f11d50a3a" className="GestureHealthCareTests.AtendimentoServiceTest, GestureHealthCareTests, Version=1.0.0.0, Culture=neutral, PublicKeyToken=null" name="FindAllAtendimentoWithExame" />
    </UnitTest>
    <UnitTest name="FindAllAtendimentoWithProcedimento" storage="k:\faculdade\tcc a\kinect - server\gesturehealthcaretests\bin\debug\gesturehealthcaretests.dll" id="7c97a5ed-bdc4-e182-74d0-d5e35d56096a">
      <Execution id="7d4bba89-06c9-4e1f-8af6-9654ac0e9b35" />
      <TestMethod codeBase="K:/Faculdade/TCC A/Kinect - Server/GestureHealthCareTests/bin/Debug/GestureHealthCareTests.DLL" adapterTypeName="Microsoft.VisualStudio.TestTools.TestTypes.Unit.UnitTestAdapter, Microsoft.VisualStudio.QualityTools.Tips.UnitTest.Adapter, Version=10.0.0.0, Culture=neutral, PublicKeyToken=b03f5f7f11d50a3a" className="GestureHealthCareTests.AtendimentoServiceTest, GestureHealthCareTests, Version=1.0.0.0, Culture=neutral, PublicKeyToken=null" name="FindAllAtendimentoWithProcedimento" />
    </UnitTest>
    <UnitTest name="FindAllAtendimentoWithDiagnostico" storage="k:\faculdade\tcc a\kinect - server\gesturehealthcaretests\bin\debug\gesturehealthcaretests.dll" id="137d5d81-1255-33cf-d687-afeb3c3b9341">
      <Execution id="eeba09fe-aee6-4aba-8246-0042e28386b4" />
      <TestMethod codeBase="K:/Faculdade/TCC A/Kinect - Server/GestureHealthCareTests/bin/Debug/GestureHealthCareTests.DLL" adapterTypeName="Microsoft.VisualStudio.TestTools.TestTypes.Unit.UnitTestAdapter, Microsoft.VisualStudio.QualityTools.Tips.UnitTest.Adapter, Version=10.0.0.0, Culture=neutral, PublicKeyToken=b03f5f7f11d50a3a" className="GestureHealthCareTests.AtendimentoServiceTest, GestureHealthCareTests, Version=1.0.0.0, Culture=neutral, PublicKeyToken=null" name="FindAllAtendimentoWithDiagnostico" />
    </UnitTest>
  </TestDefinitions>
  <TestLists>
    <TestList name="Results Not in a List" id="8c84fa94-04c1-424b-9868-57a2d4851a1d" />
    <TestList name="All Loaded Results" id="19431567-8539-422a-85d7-44ee4e166bda" />
  </TestLists>
  <TestEntries>
    <TestEntry testId="137d5d81-1255-33cf-d687-afeb3c3b9341" executionId="eeba09fe-aee6-4aba-8246-0042e28386b4" testListId="8c84fa94-04c1-424b-9868-57a2d4851a1d" />
    <TestEntry testId="7c97a5ed-bdc4-e182-74d0-d5e35d56096a" executionId="7d4bba89-06c9-4e1f-8af6-9654ac0e9b35" testListId="8c84fa94-04c1-424b-9868-57a2d4851a1d" />
    <TestEntry testId="ab9b94e3-1344-0879-16a6-4a27208f7fea" executionId="a1c822bb-e7ca-4d07-8036-6639868c437d" testListId="8c84fa94-04c1-424b-9868-57a2d4851a1d" />
  </TestEntries>
  <Results>
    <UnitTestResult executionId="eeba09fe-aee6-4aba-8246-0042e28386b4" testId="137d5d81-1255-33cf-d687-afeb3c3b9341" testName="FindAllAtendimentoWithDiagnostico" computerName="MARCELO-PC" duration="00:00:01.4214289" startTime="2012-04-09T21:56:31.5117187-03:00" endTime="2012-04-09T21:56:35.4716796-03:00" testType="13cdc9d9-ddb5-4fa4-a97d-d965ccfc6d4b" outcome="Passed" testListId="8c84fa94-04c1-424b-9868-57a2d4851a1d" relativeResultsDirectory="eeba09fe-aee6-4aba-8246-0042e28386b4">
    </UnitTestResult>
    <UnitTestResult executionId="7d4bba89-06c9-4e1f-8af6-9654ac0e9b35" testId="7c97a5ed-bdc4-e182-74d0-d5e35d56096a" testName="FindAllAtendimentoWithProcedimento" computerName="MARCELO-PC" duration="00:00:00.0172418" startTime="2012-04-09T21:56:35.5019531-03:00" endTime="2012-04-09T21:56:35.5253906-03:00" testType="13cdc9d9-ddb5-4fa4-a97d-d965ccfc6d4b" outcome="Passed" testListId="8c84fa94-04c1-424b-9868-57a2d4851a1d" relativeResultsDirectory="7d4bba89-06c9-4e1f-8af6-9654ac0e9b35">
    </UnitTestResult>
    <UnitTestResult executionId="a1c822bb-e7ca-4d07-8036-6639868c437d" testId="ab9b94e3-1344-0879-16a6-4a27208f7fea" testName="FindAllAtendimentoWithExame" computerName="MARCELO-PC" duration="00:00:00.0112810" startTime="2012-04-09T21:56:35.5498046-03:00" endTime="2012-04-09T21:56:35.5673828-03:00" testType="13cdc9d9-ddb5-4fa4-a97d-d965ccfc6d4b" outcome="Passed" testListId="8c84fa94-04c1-424b-9868-57a2d4851a1d" relativeResultsDirectory="a1c822bb-e7ca-4d07-8036-6639868c437d">
    </UnitTestResult>
  </Results>
</TestRun>