<?xml version="1.0" encoding="UTF-8"?>
<TestRun id="12b8c285-01d4-461a-91fb-f92f2350d80b" name="Marcelo@MARCELO-PC 2012-04-09 21:51:05" runUser="Marcelo-PC\Marcelo" xmlns="http://microsoft.com/schemas/VisualStudio/TeamTest/2010">
  <TestSettings name="Local" id="ea4e1211-71d7-4fa9-b280-730e8334b944">
    <Description>These are default test settings for a local test run.</Description>
    <Deployment enabled="false" runDeploymentRoot="Marcelo_MARCELO-PC 2012-04-09 21_51_05">
      <DeploymentItem filename="K:\Faculdade\TCC A\Kinect - Server\CommonBin\antlr.runtime.dll" />
      <DeploymentItem filename="K:\Faculdade\TCC A\Kinect - Server\CommonBin\Castle.ActiveRecord.dll" />
      <DeploymentItem filename="K:\Faculdade\TCC A\Kinect - Server\CommonBin\Castle.Components.Validator.dll" />
      <DeploymentItem filename="K:\Faculdade\TCC A\Kinect - Server\CommonBin\log4net.dll" />
      <DeploymentItem filename="K:\Faculdade\TCC A\Kinect - Server\CommonBin\Castle.Core.dll" />
      <DeploymentItem filename="K:\Faculdade\TCC A\Kinect - Server\CommonBin\NHibernate.dll" />
      <DeploymentItem filename="K:\Faculdade\TCC A\Kinect - Server\CommonBin\Iesi.Collections.dll" />
      <DeploymentItem filename="K:\Faculdade\TCC A\Kinect - Server\CommonBin\Antlr3.Runtime.dll" />
      <DeploymentItem filename="K:\Faculdade\TCC A\Kinect - Server\GestureHealthCare\bin\Debug\Facdombosco.GestureHealthCare.dll" />
      <DeploymentItem filename="K:\Faculdade\TCC A\Kinect - Server\CommonBin\NHibernate.ByteCode.Castle.dll" />
      <DeploymentItem filename="K:\Faculdade\TCC A\Kinect - Server\CommonBin\AutoMapper.dll" />
    </Deployment>
    <Execution>
      <TestTypeSpecific />
      <AgentRule name="Execution Agents">
      </AgentRule>
    </Execution>
  </TestSettings>
  <Times creation="2012-04-09T21:51:05.4707031-03:00" queuing="2012-04-09T21:51:07.5683593-03:00" start="2012-04-09T21:51:07.8789062-03:00" finish="2012-04-09T21:51:16.1240234-03:00" />
  <ResultSummary outcome="Failed">
    <Counters total="1" executed="1" error="0" failed="1" timeout="0" aborted="0" inconclusive="0" passedButRunAborted="0" notRunnable="0" notExecuted="0" disconnected="0" warning="0" passed="0" completed="0" inProgress="0" pending="0" />
  </ResultSummary>
  <TestDefinitions>
    <UnitTest name="FindAllAtendimentoWithExame" storage="k:\faculdade\tcc a\kinect - server\gesturehealthcaretests\bin\debug\gesturehealthcaretests.dll" id="ab9b94e3-1344-0879-16a6-4a27208f7fea">
      <Execution id="0f78185f-7d22-4462-9c3a-28e343b28e55" />
      <TestMethod codeBase="K:/Faculdade/TCC A/Kinect - Server/GestureHealthCareTests/bin/Debug/GestureHealthCareTests.DLL" adapterTypeName="Microsoft.VisualStudio.TestTools.TestTypes.Unit.UnitTestAdapter, Microsoft.VisualStudio.QualityTools.Tips.UnitTest.Adapter, Version=10.0.0.0, Culture=neutral, PublicKeyToken=b03f5f7f11d50a3a" className="GestureHealthCareTests.AtendimentoServiceTest, GestureHealthCareTests, Version=1.0.0.0, Culture=neutral, PublicKeyToken=null" name="FindAllAtendimentoWithExame" />
    </UnitTest>
  </TestDefinitions>
  <TestLists>
    <TestList name="Results Not in a List" id="8c84fa94-04c1-424b-9868-57a2d4851a1d" />
    <TestList name="All Loaded Results" id="19431567-8539-422a-85d7-44ee4e166bda" />
  </TestLists>
  <TestEntries>
    <TestEntry testId="ab9b94e3-1344-0879-16a6-4a27208f7fea" executionId="0f78185f-7d22-4462-9c3a-28e343b28e55" testListId="8c84fa94-04c1-424b-9868-57a2d4851a1d" />
  </TestEntries>
  <Results>
    <UnitTestResult executionId="0f78185f-7d22-4462-9c3a-28e343b28e55" testId="ab9b94e3-1344-0879-16a6-4a27208f7fea" testName="FindAllAtendimentoWithExame" computerName="MARCELO-PC" duration="00:00:01.9408664" startTime="2012-04-09T21:51:08.2675781-03:00" endTime="2012-04-09T21:51:14.0058593-03:00" testType="13cdc9d9-ddb5-4fa4-a97d-d965ccfc6d4b" outcome="Failed" testListId="8c84fa94-04c1-424b-9868-57a2d4851a1d" relativeResultsDirectory="0f78185f-7d22-4462-9c3a-28e343b28e55">
      <Output>
        <ErrorInfo>
          <Message>Test method GestureHealthCareTests.AtendimentoServiceTest.FindAllAtendimentoWithExame threw exception: 
Castle.ActiveRecord.Framework.ActiveRecordException: Could not perform ExecuteQuery for Atendimento ---&gt; NHibernate.QueryException: could not resolve property: IdPaciente of: Facdombosco.GestureHealthCare.Dto.Paciente [
                                select a
                                from Atendimento a 
                                    left outer join a.SolicitacaoExame se 
                                    left outer join se.SolicitacaoExameItem sei
                                    left outer join sei.Exame e
                                where a.Paciente.IdPaciente = :idPaciente
                          ]</Message>
          <StackTrace>    at NHibernate.Persister.Entity.AbstractPropertyMapping.ToType(String propertyName)
   at NHibernate.Persister.Entity.AbstractEntityPersister.ToType(String propertyName)
   at NHibernate.Hql.Ast.ANTLR.Tree.FromElementType.GetPropertyType(String propertyName, String propertyPath)
   at NHibernate.Hql.Ast.ANTLR.Tree.FromElement.GetPropertyType(String propertyName, String propertyPath)
   at NHibernate.Hql.Ast.ANTLR.Tree.DotNode.GetDataType()
   at NHibernate.Hql.Ast.ANTLR.Tree.DotNode.PrepareLhs()
   at NHibernate.Hql.Ast.ANTLR.Tree.DotNode.Resolve(Boolean generateJoin, Boolean implicitJoin, String classAlias, IASTNode parent)
   at NHibernate.Hql.Ast.ANTLR.Tree.FromReferenceNode.Resolve(Boolean generateJoin, Boolean implicitJoin)
   at NHibernate.Hql.Ast.ANTLR.HqlSqlWalker.Resolve(IASTNode node)
   at NHibernate.Hql.Ast.ANTLR.HqlSqlWalker.expr()
   at NHibernate.Hql.Ast.ANTLR.HqlSqlWalker.exprOrSubquery()
   at NHibernate.Hql.Ast.ANTLR.HqlSqlWalker.comparisonExpr()
   at NHibernate.Hql.Ast.ANTLR.HqlSqlWalker.logicalExpr()
   at NHibernate.Hql.Ast.ANTLR.HqlSqlWalker.whereClause()
   at NHibernate.Hql.Ast.ANTLR.HqlSqlWalker.unionedQuery()
   at NHibernate.Hql.Ast.ANTLR.HqlSqlWalker.query()
   at NHibernate.Hql.Ast.ANTLR.HqlSqlWalker.selectStatement()
   at NHibernate.Hql.Ast.ANTLR.HqlSqlWalker.statement()
   at NHibernate.Hql.Ast.ANTLR.HqlSqlTranslator.Translate()
   at NHibernate.Hql.Ast.ANTLR.QueryTranslatorImpl.Analyze(String collectionRole)
   at NHibernate.Hql.Ast.ANTLR.QueryTranslatorImpl.DoCompile(IDictionary`2 replacements, Boolean shallow, String collectionRole)
   at NHibernate.Hql.Ast.ANTLR.ASTQueryTranslatorFactory.CreateQueryTranslators(IASTNode ast, String queryIdentifier, String collectionRole, Boolean shallow, IDictionary`2 filters, ISessionFactoryImplementor factory)
   at NHibernate.Hql.Ast.ANTLR.ASTQueryTranslatorFactory.CreateQueryTranslators(String queryString, String collectionRole, Boolean shallow, IDictionary`2 filters, ISessionFactoryImplementor factory)
   at NHibernate.Engine.Query.HQLStringQueryPlan.CreateTranslators(String hql, String collectionRole, Boolean shallow, IDictionary`2 enabledFilters, ISessionFactoryImplementor factory)
   at NHibernate.Engine.Query.QueryPlanCache.GetHQLQueryPlan(String queryString, Boolean shallow, IDictionary`2 enabledFilters)
   at NHibernate.Impl.AbstractSessionImpl.GetHQLQueryPlan(String query, Boolean shallow)
   at NHibernate.Impl.AbstractSessionImpl.CreateQuery(String queryString)
   at Castle.ActiveRecord.Queries.HqlBasedQuery.CreateQuery(ISession session)
   at Castle.ActiveRecord.Queries.SimpleQuery`1.InternalExecute(ISession session)
   at Castle.ActiveRecord.ActiveRecordBaseQuery.Castle.ActiveRecord.IActiveRecordQuery.Execute(ISession session)
   at Castle.ActiveRecord.ActiveRecordBase.ExecuteQuery(IActiveRecordQuery query)
 --- End of inner exception stack trace ---
    at Castle.ActiveRecord.ActiveRecordBase.ExecuteQuery(IActiveRecordQuery query)
   at Castle.ActiveRecord.ActiveRecordBase`1.ExecuteQuery2[R](IActiveRecordQuery`1 query)
   at Castle.ActiveRecord.Queries.SimpleQuery`1.Execute()
   at Facdombosco.GestureHealthCare.Dal.AtendimentoDal.FindAllAtendimentoWithExame(Nullable`1 idPaciente) in K:\Faculdade\TCC A\Kinect - Server\GestureHealthCare\Dal\AtendimentoDal.cs:line 27
   at Facdombosco.GestureHealthCare.Service.AtendimentoService.FindAllAtendimentoWithExame(Nullable`1 idPaciente) in K:\Faculdade\TCC A\Kinect - Server\GestureHealthCare\Service\AtendimentoService.cs:line 14
   at GestureHealthCareTests.AtendimentoServiceTest.FindAllAtendimentoWithExame() in K:\Faculdade\TCC A\Kinect - Server\GestureHealthCareTests\AtendimentoServiceTest.cs:line 58
</StackTrace>
        </ErrorInfo>
      </Output>
    </UnitTestResult>
  </Results>
</TestRun>