<?xml version="1.0" encoding="UTF-8"?>
<TestRun id="e1b8aa8c-9602-4d9f-a18f-3ba58d99d7f4" name="Marcelo@MARCELO-PC 2012-04-09 21:53:23" runUser="Marcelo-PC\Marcelo" xmlns="http://microsoft.com/schemas/VisualStudio/TeamTest/2010">
  <TestSettings name="Local" id="ea4e1211-71d7-4fa9-b280-730e8334b944">
    <Description>These are default test settings for a local test run.</Description>
    <Deployment enabled="false" runDeploymentRoot="Marcelo_MARCELO-PC 2012-04-09 21_53_23">
      <DeploymentItem filename="K:\Faculdade\TCC A\Kinect - Server\CommonBin\antlr.runtime.dll" />
      <DeploymentItem filename="K:\Faculdade\TCC A\Kinect - Server\CommonBin\Castle.ActiveRecord.dll" />
      <DeploymentItem filename="K:\Faculdade\TCC A\Kinect - Server\CommonBin\Castle.Components.Validator.dll" />
      <DeploymentItem filename="K:\Faculdade\TCC A\Kinect - Server\CommonBin\log4net.dll" />
      <DeploymentItem filename="K:\Faculdade\TCC A\Kinect - Server\CommonBin\Castle.Core.dll" />
      <DeploymentItem filename="K:\Faculdade\TCC A\Kinect - Server\CommonBin\NHibernate.dll" />
      <DeploymentItem filename="K:\Faculdade\TCC A\Kinect - Server\CommonBin\Iesi.Collections.dll" />
      <DeploymentItem filename="K:\Faculdade\TCC A\Kinect - Server\CommonBin\Antlr3.Runtime.dll" />
      <DeploymentItem filename="K:\Faculdade\TCC A\Kinect - Server\GestureHealthCare\bin\Debug\Facdombosco.GestureHealthCare.dll" />
      <DeploymentItem filename="K:\Faculdade\TCC A\Kinect - Server\CommonBin\NHibernate.ByteCode.Castle.dll" />
      <DeploymentItem filename="K:\Faculdade\TCC A\Kinect - Server\CommonBin\AutoMapper.dll" />
    </Deployment>
    <Execution>
      <TestTypeSpecific />
      <AgentRule name="Execution Agents">
      </AgentRule>
    </Execution>
  </TestSettings>
  <Times creation="2012-04-09T21:53:23.1513671-03:00" queuing="2012-04-09T21:53:23.2529296-03:00" start="2012-04-09T21:53:23.2685546-03:00" finish="2012-04-09T21:53:27.6064453-03:00" />
  <ResultSummary outcome="Completed">
    <Counters total="4" executed="4" passed="4" error="0" failed="0" timeout="0" aborted="0" inconclusive="0" passedButRunAborted="0" notRunnable="0" notExecuted="0" disconnected="0" warning="0" completed="0" inProgress="0" pending="0" />
  </ResultSummary>
  <TestDefinitions>
    <UnitTest name="TestMethod1" storage="k:\faculdade\tcc a\kinect - server\gesturehealthcaretests\bin\debug\gesturehealthcaretests.dll" id="cb6d0c32-dabd-deab-0517-05bd9573d534">
      <Execution id="3f7a8d00-3006-4920-996b-5a0022f46309" />
      <TestMethod codeBase="K:/Faculdade/TCC A/Kinect - Server/GestureHealthCareTests/bin/Debug/GestureHealthCareTests.DLL" adapterTypeName="Microsoft.VisualStudio.TestTools.TestTypes.Unit.UnitTestAdapter, Microsoft.VisualStudio.QualityTools.Tips.UnitTest.Adapter, Version=10.0.0.0, Culture=neutral, PublicKeyToken=b03f5f7f11d50a3a" className="GestureHealthCareTests.CirurgiaServiceTest, GestureHealthCareTests, Version=1.0.0.0, Culture=neutral, PublicKeyToken=null" name="TestMethod1" />
    </UnitTest>
    <UnitTest name="FindAllAtendimentoWithExame" storage="k:\faculdade\tcc a\kinect - server\gesturehealthcaretests\bin\debug\gesturehealthcaretests.dll" id="ab9b94e3-1344-0879-16a6-4a27208f7fea">
      <Execution id="ab896598-b5a0-4f63-b9f0-82b847415959" />
      <TestMethod codeBase="K:/Faculdade/TCC A/Kinect - Server/GestureHealthCareTests/bin/Debug/GestureHealthCareTests.DLL" adapterTypeName="Microsoft.VisualStudio.TestTools.TestTypes.Unit.UnitTestAdapter, Microsoft.VisualStudio.QualityTools.Tips.UnitTest.Adapter, Version=10.0.0.0, Culture=neutral, PublicKeyToken=b03f5f7f11d50a3a" className="GestureHealthCareTests.AtendimentoServiceTest, GestureHealthCareTests, Version=1.0.0.0, Culture=neutral, PublicKeyToken=null" name="FindAllAtendimentoWithExame" />
    </UnitTest>
    <UnitTest name="FindAllAtendimentoWithProcedimento" storage="k:\faculdade\tcc a\kinect - server\gesturehealthcaretests\bin\debug\gesturehealthcaretests.dll" id="7c97a5ed-bdc4-e182-74d0-d5e35d56096a">
      <Execution id="9ea8afc2-439e-423a-8621-9268334abeab" />
      <TestMethod codeBase="K:/Faculdade/TCC A/Kinect - Server/GestureHealthCareTests/bin/Debug/GestureHealthCareTests.DLL" adapterTypeName="Microsoft.VisualStudio.TestTools.TestTypes.Unit.UnitTestAdapter, Microsoft.VisualStudio.QualityTools.Tips.UnitTest.Adapter, Version=10.0.0.0, Culture=neutral, PublicKeyToken=b03f5f7f11d50a3a" className="GestureHealthCareTests.AtendimentoServiceTest, GestureHealthCareTests, Version=1.0.0.0, Culture=neutral, PublicKeyToken=null" name="FindAllAtendimentoWithProcedimento" />
    </UnitTest>
    <UnitTest name="FindAllAtendimentoWithDiagnostico" storage="k:\faculdade\tcc a\kinect - server\gesturehealthcaretests\bin\debug\gesturehealthcaretests.dll" id="137d5d81-1255-33cf-d687-afeb3c3b9341">
      <Execution id="6332bd84-d725-4ed0-9180-314d99d9b639" />
      <TestMethod codeBase="K:/Faculdade/TCC A/Kinect - Server/GestureHealthCareTests/bin/Debug/GestureHealthCareTests.DLL" adapterTypeName="Microsoft.VisualStudio.TestTools.TestTypes.Unit.UnitTestAdapter, Microsoft.VisualStudio.QualityTools.Tips.UnitTest.Adapter, Version=10.0.0.0, Culture=neutral, PublicKeyToken=b03f5f7f11d50a3a" className="GestureHealthCareTests.AtendimentoServiceTest, GestureHealthCareTests, Version=1.0.0.0, Culture=neutral, PublicKeyToken=null" name="FindAllAtendimentoWithDiagnostico" />
    </UnitTest>
  </TestDefinitions>
  <TestLists>
    <TestList name="Results Not in a List" id="8c84fa94-04c1-424b-9868-57a2d4851a1d" />
    <TestList name="All Loaded Results" id="19431567-8539-422a-85d7-44ee4e166bda" />
  </TestLists>
  <TestEntries>
    <TestEntry testId="137d5d81-1255-33cf-d687-afeb3c3b9341" executionId="6332bd84-d725-4ed0-9180-314d99d9b639" testListId="8c84fa94-04c1-424b-9868-57a2d4851a1d" />
    <TestEntry testId="7c97a5ed-bdc4-e182-74d0-d5e35d56096a" executionId="9ea8afc2-439e-423a-8621-9268334abeab" testListId="8c84fa94-04c1-424b-9868-57a2d4851a1d" />
    <TestEntry testId="ab9b94e3-1344-0879-16a6-4a27208f7fea" executionId="ab896598-b5a0-4f63-b9f0-82b847415959" testListId="8c84fa94-04c1-424b-9868-57a2d4851a1d" />
    <TestEntry testId="cb6d0c32-dabd-deab-0517-05bd9573d534" executionId="3f7a8d00-3006-4920-996b-5a0022f46309" testListId="8c84fa94-04c1-424b-9868-57a2d4851a1d" />
  </TestEntries>
  <Results>
    <UnitTestResult executionId="6332bd84-d725-4ed0-9180-314d99d9b639" testId="137d5d81-1255-33cf-d687-afeb3c3b9341" testName="FindAllAtendimentoWithDiagnostico" computerName="MARCELO-PC" duration="00:00:01.5061533" startTime="2012-04-09T21:53:23.3251953-03:00" endTime="2012-04-09T21:53:27.3486328-03:00" testType="13cdc9d9-ddb5-4fa4-a97d-d965ccfc6d4b" outcome="Passed" testListId="8c84fa94-04c1-424b-9868-57a2d4851a1d" relativeResultsDirectory="6332bd84-d725-4ed0-9180-314d99d9b639">
    </UnitTestResult>
    <UnitTestResult executionId="9ea8afc2-439e-423a-8621-9268334abeab" testId="7c97a5ed-bdc4-e182-74d0-d5e35d56096a" testName="FindAllAtendimentoWithProcedimento" computerName="MARCELO-PC" duration="00:00:00.0209212" startTime="2012-04-09T21:53:27.3916015-03:00" endTime="2012-04-09T21:53:27.4218750-03:00" testType="13cdc9d9-ddb5-4fa4-a97d-d965ccfc6d4b" outcome="Passed" testListId="8c84fa94-04c1-424b-9868-57a2d4851a1d" relativeResultsDirectory="9ea8afc2-439e-423a-8621-9268334abeab">
    </UnitTestResult>
    <UnitTestResult executionId="ab896598-b5a0-4f63-b9f0-82b847415959" testId="ab9b94e3-1344-0879-16a6-4a27208f7fea" testName="FindAllAtendimentoWithExame" computerName="MARCELO-PC" duration="00:00:00.0111184" startTime="2012-04-09T21:53:27.4462890-03:00" endTime="2012-04-09T21:53:27.4628906-03:00" testType="13cdc9d9-ddb5-4fa4-a97d-d965ccfc6d4b" outcome="Passed" testListId="8c84fa94-04c1-424b-9868-57a2d4851a1d" relativeResultsDirectory="ab896598-b5a0-4f63-b9f0-82b847415959">
    </UnitTestResult>
    <UnitTestResult executionId="3f7a8d00-3006-4920-996b-5a0022f46309" testId="cb6d0c32-dabd-deab-0517-05bd9573d534" testName="TestMethod1" computerName="MARCELO-PC" duration="00:00:00.0002074" startTime="2012-04-09T21:53:27.4873046-03:00" endTime="2012-04-09T21:53:27.4960937-03:00" testType="13cdc9d9-ddb5-4fa4-a97d-d965ccfc6d4b" outcome="Passed" testListId="8c84fa94-04c1-424b-9868-57a2d4851a1d" relativeResultsDirectory="3f7a8d00-3006-4920-996b-5a0022f46309">
    </UnitTestResult>
  </Results>
</TestRun>